<?xml version="1.0" encoding="UTF-8"?>
<!-- Generated by org.testng.reporters.JUnitReportReporter -->
<testsuite skipped="0" hostname="DESKTOP-9BH9OAK" name="tests.ToggleAllTest" tests="1" failures="0" timestamp="2020-06-23T13:38:06 CDT" time="10.291" errors="0">
  <testcase name="whenToggleAllcheckboxisCHECKEDallcheckboxesforlistitemsarealsoCHECKEDON" time="10.291" classname="tests.ToggleAllTest"/>
  <system-out/>
</testsuite> <!-- tests.ToggleAllTest -->
