<?xml version="1.0" encoding="UTF-8"?>
<!-- Generated by org.testng.reporters.JUnitReportReporter -->
<testsuite skipped="0" hostname="DESKTOP-9BH9OAK" name="tests.AllListItemsRemoveTest" tests="1" failures="0" timestamp="2020-06-23T17:07:30 CDT" time="24.835" errors="0">
  <testcase name="allListItemCouldBeRemovedUsingTheRemoveButtonAndWhenToggleAllFunctionalityIsOn" time="24.835" classname="tests.AllListItemsRemoveTest"/>
  <system-out/>
</testsuite> <!-- tests.AllListItemsRemoveTest -->
